<?xml version="1.0" encoding="UTF-8"?>
<testsuite xmlns:xsi="http://www.w3.org/2001/XMLSchema-instance" xsi:noNamespaceSchemaLocation="https://maven.apache.org/surefire/maven-surefire-plugin/xsd/surefire-test-report.xsd" name="testRunner.TestRunner" time="339.616" tests="15" errors="0" skipped="0" failures="0">
  <properties>
[...]
</properties>
  <testcase name="Open cubic interactive home page displayed correctly" classname="Login to the cubic home page" time="29.827"/>
  <testcase name="user able to create a new project #2" classname="Create Project page from the quick menu" time="63.706"/>
  <testcase name="user able to create a new contact" classname="Create Contact page from the quick menu" time="59.899"/>
  <testcase name="Create sales invoice" classname="Financials Sales" time="51.251"/>
  <testcase name="Create sales invoice - missing unit and price" classname="Financials Sales" time="70.097"/>
  <testcase name="Navigate to the configuration menu" classname="Check all the configuration" time="7.934"/>
  <testcase name="Validate all the configuration links #1" classname="Check all the configuration" time="6.173"/>
  <testcase name="Validate all the configuration links #2" classname="Check all the configuration" time="6.191"/>
  <testcase name="Validate all the configuration links #3" classname="Check all the configuration" time="6.165"/>
  <testcase name="Validate all the configuration links #4" classname="Check all the configuration" time="6.176"/>
  <testcase name="Validate all the configuration links #5" classname="Check all the configuration" time="6.165"/>
  <testcase name="Validate all the configuration links #6" classname="Check all the configuration" time="6.188"/>
  <testcase name="Validate all the configuration links #7" classname="Check all the configuration" time="6.172"/>
  <testcase name="Validate use back to Rapport" classname="Check all the configuration" time="2.159"/>
  <testcase name="validate user successfully logged out" classname="user logged out from cubic site" time="10.647"/>
</testsuite>